/home/raphael/Assembleur/.pixi/envs/bench/bin/quast output/minia.contigs.fa output/ramilass_fuse.contigs.fasta -r data/varankomodo_reference.fasta

Version: 5.3.0

System information:
  OS: Linux-6.14.0-35-generic-x86_64-with-glibc2.39 (linux_64)
  Python version: 3.13.9
  CPUs number: 16

Started: 2025-11-21 11:39:59

Logging to /home/raphael/Assembleur/quast_results/results_2025_11_21_11_39_59/quast.log
NOTICE: Maximum number of threads is set to 4 (use --threads option to set it manually)

CWD: /home/raphael/Assembleur
Main parameters: 
  MODE: default, threads: 4, min contig length: 500, min alignment length: 65, min alignment IDY: 95.0, \
  ambiguity: one, min local misassembly length: 200, min extensive misassembly length: 1000

Reference:
  /home/raphael/Assembleur/data/varankomodo_reference.fasta ==> varankomodo_reference

Contigs:
  Pre-processing...
  1  output/minia.contigs.fa ==> minia.contigs
  2  output/ramilass_fuse.contigs.fasta ==> ramilass_fuse.contigs

2025-11-21 11:40:00
Running Basic statistics processor...
  Reference genome:
    varankomodo_reference.fasta, length = 10624, num fragments = 1, GC % = 44.14
  Contig files: 
    1  minia.contigs
    2  ramilass_fuse.contigs
  Calculating N50 and L50...
    1  minia.contigs, N50 = 9936, L50 = 1, auN = 9936.0, Total length = 9936, GC % = 44.05, # N's per 100 kbp =  0.00
    2  ramilass_fuse.contigs, N50 = 10094, L50 = 1, auN = 10094.0, Total length = 10094, GC % = 44.03, # N's per 100 kbp =  0.00
  Drawing Nx plot...
    saved to /home/raphael/Assembleur/quast_results/results_2025_11_21_11_39_59/basic_stats/Nx_plot.pdf
  Drawing NGx plot...
    saved to /home/raphael/Assembleur/quast_results/results_2025_11_21_11_39_59/basic_stats/NGx_plot.pdf
  Drawing cumulative plot...
    saved to /home/raphael/Assembleur/quast_results/results_2025_11_21_11_39_59/basic_stats/cumulative_plot.pdf
  Drawing GC content plot...
    saved to /home/raphael/Assembleur/quast_results/results_2025_11_21_11_39_59/basic_stats/GC_content_plot.pdf
  Drawing minia.contigs GC content plot...
    saved to /home/raphael/Assembleur/quast_results/results_2025_11_21_11_39_59/basic_stats/minia.contigs_GC_content_plot.pdf
  Drawing ramilass_fuse.contigs GC content plot...
    saved to /home/raphael/Assembleur/quast_results/results_2025_11_21_11_39_59/basic_stats/ramilass_fuse.contigs_GC_content_plot.pdf
Done.

2025-11-21 11:40:00
Running Contig analyzer...
WARNING: Version of installed minimap2 differs from its version in the QUAST package (2.28). Please make sure that you use an actual version of software.
  1  minia.contigs
  2  ramilass_fuse.contigs
  2  Logging to files /home/raphael/Assembleur/quast_results/results_2025_11_21_11_39_59/contigs_reports/contigs_report_ramilass_fuse-contigs.stdout and contigs_report_ramilass_fuse-contigs.stderr...
  1  Logging to files /home/raphael/Assembleur/quast_results/results_2025_11_21_11_39_59/contigs_reports/contigs_report_minia-contigs.stdout and contigs_report_minia-contigs.stderr...
  1  Aligning contigs to the reference
  2  Aligning contigs to the reference
WARNING: Version of installed minimap2 differs from its version in the QUAST package (2.28). Please make sure that you use an actual version of software.
WARNING: Version of installed minimap2 differs from its version in the QUAST package (2.28). Please make sure that you use an actual version of software.
  1  .pixi/envs/bench/bin/minimap2 -c -x asm10 -B5 -O4,16 --no-long-join -r 200 -N \
     50 -s 65 -z 200 --mask-level 0.9 --min-occ 200 -g 2500 --score-N 2 --cs -t 2 \
     quast_results/results_2025_11_21_11_39_59/quast_corrected_input/varankomodo_reference.fasta \
     quast_results/results_2025_11_21_11_39_59/quast_corrected_input/minia-contigs.fa \
     > quast_results/results_2025_11_21_11_39_59/contigs_reports/minimap_output/minia-contigs.coords_tmp \
     2>> quast_results/results_2025_11_21_11_39_59/contigs_reports/contigs_report_minia-contigs.stderr
  2  .pixi/envs/bench/bin/minimap2 -c -x asm10 -B5 -O4,16 --no-long-join -r 200 -N \
     50 -s 65 -z 200 --mask-level 0.9 --min-occ 200 -g 2500 --score-N 2 --cs -t 2 \
     quast_results/results_2025_11_21_11_39_59/quast_corrected_input/varankomodo_reference.fasta \
     quast_results/results_2025_11_21_11_39_59/quast_corrected_input/ramilass_fuse-contigs.fasta \
     > quast_results/results_2025_11_21_11_39_59/contigs_reports/minimap_output/ramilass_fuse-contigs.coords_tmp \
     2>> quast_results/results_2025_11_21_11_39_59/contigs_reports/contigs_report_ramilass_fuse-contigs.stderr
  1  Analysis is finished.

  2  Analysis is finished.

  Creating total report...
    saved to /home/raphael/Assembleur/quast_results/results_2025_11_21_11_39_59/contigs_reports/misassemblies_report.txt, misassemblies_report.tsv, and misassemblies_report.tex
  Transposed version of total report...
    saved to /home/raphael/Assembleur/quast_results/results_2025_11_21_11_39_59/contigs_reports/transposed_report_misassemblies.txt, transposed_report_misassemblies.tsv, and transposed_report_misassemblies.tex
  Creating total report...
    saved to /home/raphael/Assembleur/quast_results/results_2025_11_21_11_39_59/contigs_reports/unaligned_report.txt, unaligned_report.tsv, and unaligned_report.tex
  Drawing misassemblies by types plot...
    saved to /home/raphael/Assembleur/quast_results/results_2025_11_21_11_39_59/contigs_reports/misassemblies_plot.pdf
  Drawing misassemblies FRCurve plot...
    saved to /home/raphael/Assembleur/quast_results/results_2025_11_21_11_39_59/contigs_reports/misassemblies_frcurve_plot.pdf
Done.

2025-11-21 11:40:01
Running NA-NGA calculation...
  1  minia.contigs, Largest alignment = 9936, NA50 = 9936, NGA50 = 9936, LA50 = 1, LGA50 = 1
  2  ramilass_fuse.contigs, Largest alignment = 10094, NA50 = 10094, NGA50 = 10094, LA50 = 1, LGA50 = 1
  Drawing cumulative plot...
    saved to /home/raphael/Assembleur/quast_results/results_2025_11_21_11_39_59/aligned_stats/cumulative_plot.pdf
  Drawing NAx plot...
    saved to /home/raphael/Assembleur/quast_results/results_2025_11_21_11_39_59/aligned_stats/NAx_plot.pdf
  Drawing NGAx plot...
    saved to /home/raphael/Assembleur/quast_results/results_2025_11_21_11_39_59/aligned_stats/NGAx_plot.pdf
Done.

2025-11-21 11:40:01
Running Genome analyzer...
  NOTICE: No file with genomic features were provided. Use the --features option if you want to specify it.

  NOTICE: No file with operons were provided. Use the -O option if you want to specify it.
  1  minia.contigs
  2  ramilass_fuse.contigs
  1  Analysis is finished.
  2  Analysis is finished.
  Drawing Genome fraction, % histogram...
    saved to /home/raphael/Assembleur/quast_results/results_2025_11_21_11_39_59/genome_stats/genome_fraction_histogram.pdf
Done.

NOTICE: Genes are not predicted by default. Use --gene-finding or --glimmer option to enable it.

2025-11-21 11:40:01
Creating large visual summaries...
This may take a while: press Ctrl-C to skip this step..
  1 of 2: Creating PDF with all tables and plots...
  2 of 2: Creating Icarus viewers...
Done

2025-11-21 11:40:02
RESULTS:
  Text versions of total report are saved to /home/raphael/Assembleur/quast_results/results_2025_11_21_11_39_59/report.txt, report.tsv, and report.tex
  Text versions of transposed total report are saved to /home/raphael/Assembleur/quast_results/results_2025_11_21_11_39_59/transposed_report.txt, transposed_report.tsv, and transposed_report.tex
  HTML version (interactive tables and plots) is saved to /home/raphael/Assembleur/quast_results/results_2025_11_21_11_39_59/report.html
  PDF version (tables and plots) is saved to /home/raphael/Assembleur/quast_results/results_2025_11_21_11_39_59/report.pdf
  Icarus (contig browser) is saved to /home/raphael/Assembleur/quast_results/results_2025_11_21_11_39_59/icarus.html
  Log is saved to /home/raphael/Assembleur/quast_results/results_2025_11_21_11_39_59/quast.log

Finished: 2025-11-21 11:40:02
Elapsed time: 0:00:02.642974
NOTICEs: 4; WARNINGs: 1; non-fatal ERRORs: 0

Thank you for using QUAST!
